<?xml version="1.0" encoding="UTF-8"?>
<testsuite xmlns:xsi="http://www.w3.org/2001/XMLSchema-instance" xsi:noNamespaceSchemaLocation="https://maven.apache.org/surefire/maven-surefire-plugin/xsd/surefire-test-report.xsd" name="com.example.tradestore.TraSchedulerTest" time="0.093" tests="1" errors="0" skipped="0" failures="0">
  <properties>
    <property name="sun.desktop" value="windows"/>
    <property name="awt.toolkit" value="sun.awt.windows.WToolkit"/>
    <property name="file.encoding.pkg" value="sun.io"/>
    <property name="java.specification.version" value="1.8"/>
    <property name="sun.jnu.encoding" value="Cp1252"/>
    <property name="java.class.path" value="C:\Users\AnkitBajpai\Downloads\trade-store\trade-store\target\test-classes;C:\Users\AnkitBajpai\Downloads\trade-store\trade-store\target\classes;C:\Users\AnkitBajpai\.m2\repository\org\springframework\boot\spring-boot-starter-web\2.5.2\spring-boot-starter-web-2.5.2.jar;C:\Users\AnkitBajpai\.m2\repository\org\springframework\boot\spring-boot-starter\2.5.2\spring-boot-starter-2.5.2.jar;C:\Users\AnkitBajpai\.m2\repository\org\springframework\boot\spring-boot-starter-logging\2.5.2\spring-boot-starter-logging-2.5.2.jar;C:\Users\AnkitBajpai\.m2\repository\ch\qos\logback\logback-classic\1.2.3\logback-classic-1.2.3.jar;C:\Users\AnkitBajpai\.m2\repository\ch\qos\logback\logback-core\1.2.3\logback-core-1.2.3.jar;C:\Users\AnkitBajpai\.m2\repository\org\apache\logging\log4j\log4j-to-slf4j\2.14.1\log4j-to-slf4j-2.14.1.jar;C:\Users\AnkitBajpai\.m2\repository\org\apache\logging\log4j\log4j-api\2.14.1\log4j-api-2.14.1.jar;C:\Users\AnkitBajpai\.m2\repository\org\slf4j\jul-to-slf4j\1.7.31\jul-to-slf4j-1.7.31.jar;C:\Users\AnkitBajpai\.m2\repository\jakarta\annotation\jakarta.annotation-api\1.3.5\jakarta.annotation-api-1.3.5.jar;C:\Users\AnkitBajpai\.m2\repository\org\yaml\snakeyaml\1.28\snakeyaml-1.28.jar;C:\Users\AnkitBajpai\.m2\repository\org\springframework\boot\spring-boot-starter-json\2.5.2\spring-boot-starter-json-2.5.2.jar;C:\Users\AnkitBajpai\.m2\repository\com\fasterxml\jackson\core\jackson-databind\2.12.3\jackson-databind-2.12.3.jar;C:\Users\AnkitBajpai\.m2\repository\com\fasterxml\jackson\core\jackson-annotations\2.12.3\jackson-annotations-2.12.3.jar;C:\Users\AnkitBajpai\.m2\repository\com\fasterxml\jackson\core\jackson-core\2.12.3\jackson-core-2.12.3.jar;C:\Users\AnkitBajpai\.m2\repository\com\fasterxml\jackson\datatype\jackson-datatype-jdk8\2.12.3\jackson-datatype-jdk8-2.12.3.jar;C:\Users\AnkitBajpai\.m2\repository\com\fasterxml\jackson\datatype\jackson-datatype-jsr310\2.12.3\jackson-datatype-jsr310-2.12.3.jar;C:\Users\AnkitBajpai\.m2\repository\com\fasterxml\jackson\module\jackson-module-parameter-names\2.12.3\jackson-module-parameter-names-2.12.3.jar;C:\Users\AnkitBajpai\.m2\repository\org\springframework\boot\spring-boot-starter-tomcat\2.5.2\spring-boot-starter-tomcat-2.5.2.jar;C:\Users\AnkitBajpai\.m2\repository\org\apache\tomcat\embed\tomcat-embed-core\9.0.48\tomcat-embed-core-9.0.48.jar;C:\Users\AnkitBajpai\.m2\repository\org\apache\tomcat\embed\tomcat-embed-el\9.0.48\tomcat-embed-el-9.0.48.jar;C:\Users\AnkitBajpai\.m2\repository\org\apache\tomcat\embed\tomcat-embed-websocket\9.0.48\tomcat-embed-websocket-9.0.48.jar;C:\Users\AnkitBajpai\.m2\repository\org\springframework\spring-web\5.3.8\spring-web-5.3.8.jar;C:\Users\AnkitBajpai\.m2\repository\org\springframework\spring-beans\5.3.8\spring-beans-5.3.8.jar;C:\Users\AnkitBajpai\.m2\repository\org\springframework\spring-webmvc\5.3.8\spring-webmvc-5.3.8.jar;C:\Users\AnkitBajpai\.m2\repository\org\springframework\spring-aop\5.3.8\spring-aop-5.3.8.jar;C:\Users\AnkitBajpai\.m2\repository\org\springframework\spring-context\5.3.8\spring-context-5.3.8.jar;C:\Users\AnkitBajpai\.m2\repository\org\springframework\spring-expression\5.3.8\spring-expression-5.3.8.jar;C:\Users\AnkitBajpai\.m2\repository\org\springframework\boot\spring-boot-starter-data-jpa\2.5.2\spring-boot-starter-data-jpa-2.5.2.jar;C:\Users\AnkitBajpai\.m2\repository\org\springframework\boot\spring-boot-starter-aop\2.5.2\spring-boot-starter-aop-2.5.2.jar;C:\Users\AnkitBajpai\.m2\repository\org\aspectj\aspectjweaver\1.9.6\aspectjweaver-1.9.6.jar;C:\Users\AnkitBajpai\.m2\repository\org\springframework\boot\spring-boot-starter-jdbc\2.5.2\spring-boot-starter-jdbc-2.5.2.jar;C:\Users\AnkitBajpai\.m2\repository\com\zaxxer\HikariCP\4.0.3\HikariCP-4.0.3.jar;C:\Users\AnkitBajpai\.m2\repository\org\springframework\spring-jdbc\5.3.8\spring-jdbc-5.3.8.jar;C:\Users\AnkitBajpai\.m2\repository\jakarta\transaction\jakarta.transaction-api\1.3.3\jakarta.transaction-api-1.3.3.jar;C:\Users\AnkitBajpai\.m2\repository\jakarta\persistence\jakarta.persistence-api\2.2.3\jakarta.persistence-api-2.2.3.jar;C:\Users\AnkitBajpai\.m2\repository\org\hibernate\hibernate-core\5.4.32.Final\hibernate-core-5.4.32.Final.jar;C:\Users\AnkitBajpai\.m2\repository\org\jboss\logging\jboss-logging\3.4.2.Final\jboss-logging-3.4.2.Final.jar;C:\Users\AnkitBajpai\.m2\repository\org\javassist\javassist\3.27.0-GA\javassist-3.27.0-GA.jar;C:\Users\AnkitBajpai\.m2\repository\net\bytebuddy\byte-buddy\1.10.22\byte-buddy-1.10.22.jar;C:\Users\AnkitBajpai\.m2\repository\antlr\antlr\2.7.7\antlr-2.7.7.jar;C:\Users\AnkitBajpai\.m2\repository\org\jboss\jandex\2.2.3.Final\jandex-2.2.3.Final.jar;C:\Users\AnkitBajpai\.m2\repository\com\fasterxml\classmate\1.5.1\classmate-1.5.1.jar;C:\Users\AnkitBajpai\.m2\repository\org\dom4j\dom4j\2.1.3\dom4j-2.1.3.jar;C:\Users\AnkitBajpai\.m2\repository\org\hibernate\common\hibernate-commons-annotations\5.1.2.Final\hibernate-commons-annotations-5.1.2.Final.jar;C:\Users\AnkitBajpai\.m2\repository\org\glassfish\jaxb\jaxb-runtime\2.3.4\jaxb-runtime-2.3.4.jar;C:\Users\AnkitBajpai\.m2\repository\org\glassfish\jaxb\txw2\2.3.4\txw2-2.3.4.jar;C:\Users\AnkitBajpai\.m2\repository\com\sun\istack\istack-commons-runtime\3.0.12\istack-commons-runtime-3.0.12.jar;C:\Users\AnkitBajpai\.m2\repository\com\sun\activation\jakarta.activation\1.2.2\jakarta.activation-1.2.2.jar;C:\Users\AnkitBajpai\.m2\repository\org\springframework\data\spring-data-jpa\2.5.2\spring-data-jpa-2.5.2.jar;C:\Users\AnkitBajpai\.m2\repository\org\springframework\data\spring-data-commons\2.5.2\spring-data-commons-2.5.2.jar;C:\Users\AnkitBajpai\.m2\repository\org\springframework\spring-orm\5.3.8\spring-orm-5.3.8.jar;C:\Users\AnkitBajpai\.m2\repository\org\springframework\spring-tx\5.3.8\spring-tx-5.3.8.jar;C:\Users\AnkitBajpai\.m2\repository\org\slf4j\slf4j-api\1.7.31\slf4j-api-1.7.31.jar;C:\Users\AnkitBajpai\.m2\repository\org\springframework\spring-aspects\5.3.8\spring-aspects-5.3.8.jar;C:\Users\AnkitBajpai\.m2\repository\org\springframework\boot\spring-boot-devtools\2.5.2\spring-boot-devtools-2.5.2.jar;C:\Users\AnkitBajpai\.m2\repository\org\springframework\boot\spring-boot\2.5.2\spring-boot-2.5.2.jar;C:\Users\AnkitBajpai\.m2\repository\org\springframework\boot\spring-boot-autoconfigure\2.5.2\spring-boot-autoconfigure-2.5.2.jar;C:\Users\AnkitBajpai\.m2\repository\com\h2database\h2\1.4.200\h2-1.4.200.jar;C:\Users\AnkitBajpai\.m2\repository\org\springframework\boot\spring-boot-starter-test\2.5.2\spring-boot-starter-test-2.5.2.jar;C:\Users\AnkitBajpai\.m2\repository\org\springframework\boot\spring-boot-test\2.5.2\spring-boot-test-2.5.2.jar;C:\Users\AnkitBajpai\.m2\repository\org\springframework\boot\spring-boot-test-autoconfigure\2.5.2\spring-boot-test-autoconfigure-2.5.2.jar;C:\Users\AnkitBajpai\.m2\repository\com\jayway\jsonpath\json-path\2.5.0\json-path-2.5.0.jar;C:\Users\AnkitBajpai\.m2\repository\net\minidev\json-smart\2.4.7\json-smart-2.4.7.jar;C:\Users\AnkitBajpai\.m2\repository\net\minidev\accessors-smart\2.4.7\accessors-smart-2.4.7.jar;C:\Users\AnkitBajpai\.m2\repository\org\ow2\asm\asm\9.1\asm-9.1.jar;C:\Users\AnkitBajpai\.m2\repository\jakarta\xml\bind\jakarta.xml.bind-api\2.3.3\jakarta.xml.bind-api-2.3.3.jar;C:\Users\AnkitBajpai\.m2\repository\jakarta\activation\jakarta.activation-api\1.2.2\jakarta.activation-api-1.2.2.jar;C:\Users\AnkitBajpai\.m2\repository\org\assertj\assertj-core\3.19.0\assertj-core-3.19.0.jar;C:\Users\AnkitBajpai\.m2\repository\org\hamcrest\hamcrest\2.2\hamcrest-2.2.jar;C:\Users\AnkitBajpai\.m2\repository\org\junit\jupiter\junit-jupiter\5.7.2\junit-jupiter-5.7.2.jar;C:\Users\AnkitBajpai\.m2\repository\org\junit\jupiter\junit-jupiter-api\5.7.2\junit-jupiter-api-5.7.2.jar;C:\Users\AnkitBajpai\.m2\repository\org\apiguardian\apiguardian-api\1.1.0\apiguardian-api-1.1.0.jar;C:\Users\AnkitBajpai\.m2\repository\org\opentest4j\opentest4j\1.2.0\opentest4j-1.2.0.jar;C:\Users\AnkitBajpai\.m2\repository\org\junit\platform\junit-platform-commons\1.7.2\junit-platform-commons-1.7.2.jar;C:\Users\AnkitBajpai\.m2\repository\org\junit\jupiter\junit-jupiter-params\5.7.2\junit-jupiter-params-5.7.2.jar;C:\Users\AnkitBajpai\.m2\repository\org\junit\jupiter\junit-jupiter-engine\5.7.2\junit-jupiter-engine-5.7.2.jar;C:\Users\AnkitBajpai\.m2\repository\org\junit\platform\junit-platform-engine\1.7.2\junit-platform-engine-1.7.2.jar;C:\Users\AnkitBajpai\.m2\repository\org\mockito\mockito-core\3.9.0\mockito-core-3.9.0.jar;C:\Users\AnkitBajpai\.m2\repository\net\bytebuddy\byte-buddy-agent\1.10.22\byte-buddy-agent-1.10.22.jar;C:\Users\AnkitBajpai\.m2\repository\org\objenesis\objenesis\3.2\objenesis-3.2.jar;C:\Users\AnkitBajpai\.m2\repository\org\mockito\mockito-junit-jupiter\3.9.0\mockito-junit-jupiter-3.9.0.jar;C:\Users\AnkitBajpai\.m2\repository\org\skyscreamer\jsonassert\1.5.0\jsonassert-1.5.0.jar;C:\Users\AnkitBajpai\.m2\repository\com\vaadin\external\google\android-json\0.0.20131108.vaadin1\android-json-0.0.20131108.vaadin1.jar;C:\Users\AnkitBajpai\.m2\repository\org\springframework\spring-core\5.3.8\spring-core-5.3.8.jar;C:\Users\AnkitBajpai\.m2\repository\org\springframework\spring-jcl\5.3.8\spring-jcl-5.3.8.jar;C:\Users\AnkitBajpai\.m2\repository\org\springframework\spring-test\5.3.8\spring-test-5.3.8.jar;C:\Users\AnkitBajpai\.m2\repository\org\xmlunit\xmlunit-core\2.8.2\xmlunit-core-2.8.2.jar;"/>
    <property name="java.vm.vendor" value="IBM Corporation"/>
    <property name="com.ibm.zero.version" value="2"/>
    <property name="sun.arch.data.model" value="32"/>
    <property name="com.ibm.vm.bitmode" value="32"/>
    <property name="user.variant" value=""/>
    <property name="com.ibm.oti.vm.library.version" value="29"/>
    <property name="java.vendor.url" value="http://www.ibm.com"/>
    <property name="user.timezone" value="Asia/Calcutta"/>
    <property name="os.name" value="Windows 10"/>
    <property name="java.vm.specification.version" value="1.8"/>
    <property name="sun.java.launcher" value="SUN_STANDARD"/>
    <property name="user.country" value="IN"/>
    <property name="sun.boot.library.path" value="C:\Users\AnkitBajpai\Downloads\IBM_DevelopmentPackage_for_Eclipse_Win_X86_32_6.6.30\eclipseDevelopmentPackage\ibm_sdk80\jre\bin\default;C:\Users\AnkitBajpai\Downloads\IBM_DevelopmentPackage_for_Eclipse_Win_X86_32_6.6.30\eclipseDevelopmentPackage\ibm_sdk80\jre\bin"/>
    <property name="sun.java.command" value="C:\Users\ANKITB~1\AppData\Local\Temp\surefire8017159294229486541\surefirebooter5082172656629477740.jar C:\Users\AnkitBajpai\AppData\Local\Temp\surefire8017159294229486541 2021-07-19T09-12-04_254-jvmRun1 surefire4324020601801800552tmp surefire_0294749708505887296tmp"/>
    <property name="surefire.test.class.path" value="C:\Users\AnkitBajpai\Downloads\trade-store\trade-store\target\test-classes;C:\Users\AnkitBajpai\Downloads\trade-store\trade-store\target\classes;C:\Users\AnkitBajpai\.m2\repository\org\springframework\boot\spring-boot-starter-web\2.5.2\spring-boot-starter-web-2.5.2.jar;C:\Users\AnkitBajpai\.m2\repository\org\springframework\boot\spring-boot-starter\2.5.2\spring-boot-starter-2.5.2.jar;C:\Users\AnkitBajpai\.m2\repository\org\springframework\boot\spring-boot-starter-logging\2.5.2\spring-boot-starter-logging-2.5.2.jar;C:\Users\AnkitBajpai\.m2\repository\ch\qos\logback\logback-classic\1.2.3\logback-classic-1.2.3.jar;C:\Users\AnkitBajpai\.m2\repository\ch\qos\logback\logback-core\1.2.3\logback-core-1.2.3.jar;C:\Users\AnkitBajpai\.m2\repository\org\apache\logging\log4j\log4j-to-slf4j\2.14.1\log4j-to-slf4j-2.14.1.jar;C:\Users\AnkitBajpai\.m2\repository\org\apache\logging\log4j\log4j-api\2.14.1\log4j-api-2.14.1.jar;C:\Users\AnkitBajpai\.m2\repository\org\slf4j\jul-to-slf4j\1.7.31\jul-to-slf4j-1.7.31.jar;C:\Users\AnkitBajpai\.m2\repository\jakarta\annotation\jakarta.annotation-api\1.3.5\jakarta.annotation-api-1.3.5.jar;C:\Users\AnkitBajpai\.m2\repository\org\yaml\snakeyaml\1.28\snakeyaml-1.28.jar;C:\Users\AnkitBajpai\.m2\repository\org\springframework\boot\spring-boot-starter-json\2.5.2\spring-boot-starter-json-2.5.2.jar;C:\Users\AnkitBajpai\.m2\repository\com\fasterxml\jackson\core\jackson-databind\2.12.3\jackson-databind-2.12.3.jar;C:\Users\AnkitBajpai\.m2\repository\com\fasterxml\jackson\core\jackson-annotations\2.12.3\jackson-annotations-2.12.3.jar;C:\Users\AnkitBajpai\.m2\repository\com\fasterxml\jackson\core\jackson-core\2.12.3\jackson-core-2.12.3.jar;C:\Users\AnkitBajpai\.m2\repository\com\fasterxml\jackson\datatype\jackson-datatype-jdk8\2.12.3\jackson-datatype-jdk8-2.12.3.jar;C:\Users\AnkitBajpai\.m2\repository\com\fasterxml\jackson\datatype\jackson-datatype-jsr310\2.12.3\jackson-datatype-jsr310-2.12.3.jar;C:\Users\AnkitBajpai\.m2\repository\com\fasterxml\jackson\module\jackson-module-parameter-names\2.12.3\jackson-module-parameter-names-2.12.3.jar;C:\Users\AnkitBajpai\.m2\repository\org\springframework\boot\spring-boot-starter-tomcat\2.5.2\spring-boot-starter-tomcat-2.5.2.jar;C:\Users\AnkitBajpai\.m2\repository\org\apache\tomcat\embed\tomcat-embed-core\9.0.48\tomcat-embed-core-9.0.48.jar;C:\Users\AnkitBajpai\.m2\repository\org\apache\tomcat\embed\tomcat-embed-el\9.0.48\tomcat-embed-el-9.0.48.jar;C:\Users\AnkitBajpai\.m2\repository\org\apache\tomcat\embed\tomcat-embed-websocket\9.0.48\tomcat-embed-websocket-9.0.48.jar;C:\Users\AnkitBajpai\.m2\repository\org\springframework\spring-web\5.3.8\spring-web-5.3.8.jar;C:\Users\AnkitBajpai\.m2\repository\org\springframework\spring-beans\5.3.8\spring-beans-5.3.8.jar;C:\Users\AnkitBajpai\.m2\repository\org\springframework\spring-webmvc\5.3.8\spring-webmvc-5.3.8.jar;C:\Users\AnkitBajpai\.m2\repository\org\springframework\spring-aop\5.3.8\spring-aop-5.3.8.jar;C:\Users\AnkitBajpai\.m2\repository\org\springframework\spring-context\5.3.8\spring-context-5.3.8.jar;C:\Users\AnkitBajpai\.m2\repository\org\springframework\spring-expression\5.3.8\spring-expression-5.3.8.jar;C:\Users\AnkitBajpai\.m2\repository\org\springframework\boot\spring-boot-starter-data-jpa\2.5.2\spring-boot-starter-data-jpa-2.5.2.jar;C:\Users\AnkitBajpai\.m2\repository\org\springframework\boot\spring-boot-starter-aop\2.5.2\spring-boot-starter-aop-2.5.2.jar;C:\Users\AnkitBajpai\.m2\repository\org\aspectj\aspectjweaver\1.9.6\aspectjweaver-1.9.6.jar;C:\Users\AnkitBajpai\.m2\repository\org\springframework\boot\spring-boot-starter-jdbc\2.5.2\spring-boot-starter-jdbc-2.5.2.jar;C:\Users\AnkitBajpai\.m2\repository\com\zaxxer\HikariCP\4.0.3\HikariCP-4.0.3.jar;C:\Users\AnkitBajpai\.m2\repository\org\springframework\spring-jdbc\5.3.8\spring-jdbc-5.3.8.jar;C:\Users\AnkitBajpai\.m2\repository\jakarta\transaction\jakarta.transaction-api\1.3.3\jakarta.transaction-api-1.3.3.jar;C:\Users\AnkitBajpai\.m2\repository\jakarta\persistence\jakarta.persistence-api\2.2.3\jakarta.persistence-api-2.2.3.jar;C:\Users\AnkitBajpai\.m2\repository\org\hibernate\hibernate-core\5.4.32.Final\hibernate-core-5.4.32.Final.jar;C:\Users\AnkitBajpai\.m2\repository\org\jboss\logging\jboss-logging\3.4.2.Final\jboss-logging-3.4.2.Final.jar;C:\Users\AnkitBajpai\.m2\repository\org\javassist\javassist\3.27.0-GA\javassist-3.27.0-GA.jar;C:\Users\AnkitBajpai\.m2\repository\net\bytebuddy\byte-buddy\1.10.22\byte-buddy-1.10.22.jar;C:\Users\AnkitBajpai\.m2\repository\antlr\antlr\2.7.7\antlr-2.7.7.jar;C:\Users\AnkitBajpai\.m2\repository\org\jboss\jandex\2.2.3.Final\jandex-2.2.3.Final.jar;C:\Users\AnkitBajpai\.m2\repository\com\fasterxml\classmate\1.5.1\classmate-1.5.1.jar;C:\Users\AnkitBajpai\.m2\repository\org\dom4j\dom4j\2.1.3\dom4j-2.1.3.jar;C:\Users\AnkitBajpai\.m2\repository\org\hibernate\common\hibernate-commons-annotations\5.1.2.Final\hibernate-commons-annotations-5.1.2.Final.jar;C:\Users\AnkitBajpai\.m2\repository\org\glassfish\jaxb\jaxb-runtime\2.3.4\jaxb-runtime-2.3.4.jar;C:\Users\AnkitBajpai\.m2\repository\org\glassfish\jaxb\txw2\2.3.4\txw2-2.3.4.jar;C:\Users\AnkitBajpai\.m2\repository\com\sun\istack\istack-commons-runtime\3.0.12\istack-commons-runtime-3.0.12.jar;C:\Users\AnkitBajpai\.m2\repository\com\sun\activation\jakarta.activation\1.2.2\jakarta.activation-1.2.2.jar;C:\Users\AnkitBajpai\.m2\repository\org\springframework\data\spring-data-jpa\2.5.2\spring-data-jpa-2.5.2.jar;C:\Users\AnkitBajpai\.m2\repository\org\springframework\data\spring-data-commons\2.5.2\spring-data-commons-2.5.2.jar;C:\Users\AnkitBajpai\.m2\repository\org\springframework\spring-orm\5.3.8\spring-orm-5.3.8.jar;C:\Users\AnkitBajpai\.m2\repository\org\springframework\spring-tx\5.3.8\spring-tx-5.3.8.jar;C:\Users\AnkitBajpai\.m2\repository\org\slf4j\slf4j-api\1.7.31\slf4j-api-1.7.31.jar;C:\Users\AnkitBajpai\.m2\repository\org\springframework\spring-aspects\5.3.8\spring-aspects-5.3.8.jar;C:\Users\AnkitBajpai\.m2\repository\org\springframework\boot\spring-boot-devtools\2.5.2\spring-boot-devtools-2.5.2.jar;C:\Users\AnkitBajpai\.m2\repository\org\springframework\boot\spring-boot\2.5.2\spring-boot-2.5.2.jar;C:\Users\AnkitBajpai\.m2\repository\org\springframework\boot\spring-boot-autoconfigure\2.5.2\spring-boot-autoconfigure-2.5.2.jar;C:\Users\AnkitBajpai\.m2\repository\com\h2database\h2\1.4.200\h2-1.4.200.jar;C:\Users\AnkitBajpai\.m2\repository\org\springframework\boot\spring-boot-starter-test\2.5.2\spring-boot-starter-test-2.5.2.jar;C:\Users\AnkitBajpai\.m2\repository\org\springframework\boot\spring-boot-test\2.5.2\spring-boot-test-2.5.2.jar;C:\Users\AnkitBajpai\.m2\repository\org\springframework\boot\spring-boot-test-autoconfigure\2.5.2\spring-boot-test-autoconfigure-2.5.2.jar;C:\Users\AnkitBajpai\.m2\repository\com\jayway\jsonpath\json-path\2.5.0\json-path-2.5.0.jar;C:\Users\AnkitBajpai\.m2\repository\net\minidev\json-smart\2.4.7\json-smart-2.4.7.jar;C:\Users\AnkitBajpai\.m2\repository\net\minidev\accessors-smart\2.4.7\accessors-smart-2.4.7.jar;C:\Users\AnkitBajpai\.m2\repository\org\ow2\asm\asm\9.1\asm-9.1.jar;C:\Users\AnkitBajpai\.m2\repository\jakarta\xml\bind\jakarta.xml.bind-api\2.3.3\jakarta.xml.bind-api-2.3.3.jar;C:\Users\AnkitBajpai\.m2\repository\jakarta\activation\jakarta.activation-api\1.2.2\jakarta.activation-api-1.2.2.jar;C:\Users\AnkitBajpai\.m2\repository\org\assertj\assertj-core\3.19.0\assertj-core-3.19.0.jar;C:\Users\AnkitBajpai\.m2\repository\org\hamcrest\hamcrest\2.2\hamcrest-2.2.jar;C:\Users\AnkitBajpai\.m2\repository\org\junit\jupiter\junit-jupiter\5.7.2\junit-jupiter-5.7.2.jar;C:\Users\AnkitBajpai\.m2\repository\org\junit\jupiter\junit-jupiter-api\5.7.2\junit-jupiter-api-5.7.2.jar;C:\Users\AnkitBajpai\.m2\repository\org\apiguardian\apiguardian-api\1.1.0\apiguardian-api-1.1.0.jar;C:\Users\AnkitBajpai\.m2\repository\org\opentest4j\opentest4j\1.2.0\opentest4j-1.2.0.jar;C:\Users\AnkitBajpai\.m2\repository\org\junit\platform\junit-platform-commons\1.7.2\junit-platform-commons-1.7.2.jar;C:\Users\AnkitBajpai\.m2\repository\org\junit\jupiter\junit-jupiter-params\5.7.2\junit-jupiter-params-5.7.2.jar;C:\Users\AnkitBajpai\.m2\repository\org\junit\jupiter\junit-jupiter-engine\5.7.2\junit-jupiter-engine-5.7.2.jar;C:\Users\AnkitBajpai\.m2\repository\org\junit\platform\junit-platform-engine\1.7.2\junit-platform-engine-1.7.2.jar;C:\Users\AnkitBajpai\.m2\repository\org\mockito\mockito-core\3.9.0\mockito-core-3.9.0.jar;C:\Users\AnkitBajpai\.m2\repository\net\bytebuddy\byte-buddy-agent\1.10.22\byte-buddy-agent-1.10.22.jar;C:\Users\AnkitBajpai\.m2\repository\org\objenesis\objenesis\3.2\objenesis-3.2.jar;C:\Users\AnkitBajpai\.m2\repository\org\mockito\mockito-junit-jupiter\3.9.0\mockito-junit-jupiter-3.9.0.jar;C:\Users\AnkitBajpai\.m2\repository\org\skyscreamer\jsonassert\1.5.0\jsonassert-1.5.0.jar;C:\Users\AnkitBajpai\.m2\repository\com\vaadin\external\google\android-json\0.0.20131108.vaadin1\android-json-0.0.20131108.vaadin1.jar;C:\Users\AnkitBajpai\.m2\repository\org\springframework\spring-core\5.3.8\spring-core-5.3.8.jar;C:\Users\AnkitBajpai\.m2\repository\org\springframework\spring-jcl\5.3.8\spring-jcl-5.3.8.jar;C:\Users\AnkitBajpai\.m2\repository\org\springframework\spring-test\5.3.8\spring-test-5.3.8.jar;C:\Users\AnkitBajpai\.m2\repository\org\xmlunit\xmlunit-core\2.8.2\xmlunit-core-2.8.2.jar;"/>
    <property name="sun.cpu.endian" value="little"/>
    <property name="user.home" value="C:\Users\AnkitBajpai"/>
    <property name="user.language" value="en"/>
    <property name="java.specification.vendor" value="Oracle Corporation"/>
    <property name="java.home" value="C:\Users\AnkitBajpai\Downloads\IBM_DevelopmentPackage_for_Eclipse_Win_X86_32_6.6.30\eclipseDevelopmentPackage\ibm_sdk80\jre"/>
    <property name="ibm.signalhandling.rs" value="false"/>
    <property name="file.separator" value="\"/>
    <property name="basedir" value="C:\Users\AnkitBajpai\Downloads\trade-store\trade-store"/>
    <property name="line.separator" value="&#10;"/>
    <property name="java.vm.specification.vendor" value="Oracle Corporation"/>
    <property name="java.specification.name" value="Java Platform API Specification"/>
    <property name="java.compiler" value="j9jit29"/>
    <property name="com.ibm.util.extralibs.properties" value=""/>
    <property name="java.awt.graphicsenv" value="sun.awt.Win32GraphicsEnvironment"/>
    <property name="com.ibm.oti.configuration" value="scar"/>
    <property name="java.awt.fonts" value=""/>
    <property name="surefire.real.class.path" value="C:\Users\ANKITB~1\AppData\Local\Temp\surefire8017159294229486541\surefirebooter5082172656629477740.jar"/>
    <property name="com.ibm.oti.shared.enabled" value="false"/>
    <property name="sun.boot.class.path" value="C:\Users\AnkitBajpai\Downloads\IBM_DevelopmentPackage_for_Eclipse_Win_X86_32_6.6.30\eclipseDevelopmentPackage\ibm_sdk80\jre\bin\default\jclSC180\vm.jar;C:\Users\AnkitBajpai\Downloads\IBM_DevelopmentPackage_for_Eclipse_Win_X86_32_6.6.30\eclipseDevelopmentPackage\ibm_sdk80\jre\lib\se-service.jar;C:\Users\AnkitBajpai\Downloads\IBM_DevelopmentPackage_for_Eclipse_Win_X86_32_6.6.30\eclipseDevelopmentPackage\ibm_sdk80\jre\lib\math.jar;C:\Users\AnkitBajpai\Downloads\IBM_DevelopmentPackage_for_Eclipse_Win_X86_32_6.6.30\eclipseDevelopmentPackage\ibm_sdk80\jre\lib\ibmorb.jar;C:\Users\AnkitBajpai\Downloads\IBM_DevelopmentPackage_for_Eclipse_Win_X86_32_6.6.30\eclipseDevelopmentPackage\ibm_sdk80\jre\lib\ibmorbapi.jar;C:\Users\AnkitBajpai\Downloads\IBM_DevelopmentPackage_for_Eclipse_Win_X86_32_6.6.30\eclipseDevelopmentPackage\ibm_sdk80\jre\lib\ibmcfw.jar;C:\Users\AnkitBajpai\Downloads\IBM_DevelopmentPackage_for_Eclipse_Win_X86_32_6.6.30\eclipseDevelopmentPackage\ibm_sdk80\jre\lib\ibmpkcs.jar;C:\Users\AnkitBajpai\Downloads\IBM_DevelopmentPackage_for_Eclipse_Win_X86_32_6.6.30\eclipseDevelopmentPackage\ibm_sdk80\jre\lib\ibmcertpathfw.jar;C:\Users\AnkitBajpai\Downloads\IBM_DevelopmentPackage_for_Eclipse_Win_X86_32_6.6.30\eclipseDevelopmentPackage\ibm_sdk80\jre\lib\ibmjgssfw.jar;C:\Users\AnkitBajpai\Downloads\IBM_DevelopmentPackage_for_Eclipse_Win_X86_32_6.6.30\eclipseDevelopmentPackage\ibm_sdk80\jre\lib\ibmjssefw.jar;C:\Users\AnkitBajpai\Downloads\IBM_DevelopmentPackage_for_Eclipse_Win_X86_32_6.6.30\eclipseDevelopmentPackage\ibm_sdk80\jre\lib\ibmsaslfw.jar;C:\Users\AnkitBajpai\Downloads\IBM_DevelopmentPackage_for_Eclipse_Win_X86_32_6.6.30\eclipseDevelopmentPackage\ibm_sdk80\jre\lib\ibmjcefw.jar;C:\Users\AnkitBajpai\Downloads\IBM_DevelopmentPackage_for_Eclipse_Win_X86_32_6.6.30\eclipseDevelopmentPackage\ibm_sdk80\jre\lib\ibmjgssprovider.jar;C:\Users\AnkitBajpai\Downloads\IBM_DevelopmentPackage_for_Eclipse_Win_X86_32_6.6.30\eclipseDevelopmentPackage\ibm_sdk80\jre\lib\ibmjsseprovider2.jar;C:\Users\AnkitBajpai\Downloads\IBM_DevelopmentPackage_for_Eclipse_Win_X86_32_6.6.30\eclipseDevelopmentPackage\ibm_sdk80\jre\lib\ibmcertpathprovider.jar;C:\Users\AnkitBajpai\Downloads\IBM_DevelopmentPackage_for_Eclipse_Win_X86_32_6.6.30\eclipseDevelopmentPackage\ibm_sdk80\jre\lib\xmldsigfw.jar;C:\Users\AnkitBajpai\Downloads\IBM_DevelopmentPackage_for_Eclipse_Win_X86_32_6.6.30\eclipseDevelopmentPackage\ibm_sdk80\jre\lib\xml.jar;C:\Users\AnkitBajpai\Downloads\IBM_DevelopmentPackage_for_Eclipse_Win_X86_32_6.6.30\eclipseDevelopmentPackage\ibm_sdk80\jre\lib\charsets.jar;C:\Users\AnkitBajpai\Downloads\IBM_DevelopmentPackage_for_Eclipse_Win_X86_32_6.6.30\eclipseDevelopmentPackage\ibm_sdk80\jre\lib\resources.jar;C:\Users\AnkitBajpai\Downloads\IBM_DevelopmentPackage_for_Eclipse_Win_X86_32_6.6.30\eclipseDevelopmentPackage\ibm_sdk80\jre\lib\rt.jar;C:\Users\AnkitBajpai\Downloads\IBM_DevelopmentPackage_for_Eclipse_Win_X86_32_6.6.30\eclipseDevelopmentPackage\ibm_sdk80\jre\lib\dataaccess.jar"/>
    <property name="com.ibm.oti.vm.bootstrap.library.path" value="C:\Users\AnkitBajpai\Downloads\IBM_DevelopmentPackage_for_Eclipse_Win_X86_32_6.6.30\eclipseDevelopmentPackage\ibm_sdk80\jre\bin\default;C:\Users\AnkitBajpai\Downloads\IBM_DevelopmentPackage_for_Eclipse_Win_X86_32_6.6.30\eclipseDevelopmentPackage\ibm_sdk80\jre\bin"/>
    <property name="com.ibm.cpu.endian" value="little"/>
    <property name="java.fullversion" value="8.0.6.30 - pwi3280sr6fp30-20210507_01(SR6 FP30)&#10;JRE 1.8.0 Windows 10 x86-32-Bit 20210415_469669 (JIT enabled, AOT enabled)&#10;OpenJ9   - c2bc063&#10;OMR      - fa000e8&#10;IBM      - 8165371"/>
    <property name="java.runtime.version" value="8.0.6.30 - pwi3280sr6fp30-20210507_01(SR6 FP30)"/>
    <property name="java.lang.stringBuffer.growAggressively" value="false"/>
    <property name="user.name" value="02747T744"/>
    <property name="path.separator" value=";"/>
    <property name="os.version" value="10.0"/>
    <property name="java.endorsed.dirs" value="C:\Users\AnkitBajpai\Downloads\IBM_DevelopmentPackage_for_Eclipse_Win_X86_32_6.6.30\eclipseDevelopmentPackage\ibm_sdk80\jre\lib\endorsed"/>
    <property name="java.runtime.name" value="Java(TM) SE Runtime Environment"/>
    <property name="ibm.signalhandling.sigint" value="true"/>
    <property name="file.encoding" value="Cp1252"/>
    <property name="java.vm.name" value="IBM J9 VM"/>
    <property name="ibm.signalhandling.sigchain" value="true"/>
    <property name="localRepository" value="C:\Users\AnkitBajpai\.m2\repository"/>
    <property name="java.io.tmpdir" value="C:\Users\ANKITB~1\AppData\Local\Temp\"/>
    <property name="java.version" value="1.8.0_291"/>
    <property name="com.ibm.system.agent.path" value="C:\Users\AnkitBajpai\Downloads\IBM_DevelopmentPackage_for_Eclipse_Win_X86_32_6.6.30\eclipseDevelopmentPackage\ibm_sdk80\jre\bin"/>
    <property name="user.dir" value="C:\Users\AnkitBajpai\Downloads\trade-store\trade-store"/>
    <property name="os.arch" value="x86"/>
    <property name="java.vm.specification.name" value="Java Virtual Machine Specification"/>
    <property name="java.awt.printerjob" value="sun.awt.windows.WPrinterJob"/>
    <property name="os.encoding" value="UTF8"/>
    <property name="console.encoding" value="Cp437"/>
    <property name="java.library.path" value="C:\Users\AnkitBajpai\Downloads\IBM_DevelopmentPackage_for_Eclipse_Win_X86_32_6.6.30\eclipseDevelopmentPackage\ibm_sdk80\jre\bin\default;C:\Users\AnkitBajpai\Downloads\IBM_DevelopmentPackage_for_Eclipse_Win_X86_32_6.6.30\eclipseDevelopmentPackage\ibm_sdk80\jre\bin;C:\WINDOWS\SysWOW64;C:\WINDOWS;C:\Program Files (x86)\Java\jdk1.8.0_181\bin;C:\oracle\product\instantclient_19_6;C:\Program Files (x86)\Common Files\Oracle\Java\javapath;C:\app\AnkitBajpai\product\11.2.0\client_1\bin;C:\ProgramData\Oracle\Java\javapath;C:\WINDOWS\system32;C:\WINDOWS;C:\WINDOWS\System32\Wbem;C:\WINDOWS\System32\WindowsPowerShell\v1.0\;C:\WINDOWS\System32\OpenSSH\;C:\Program Files (x86)\Intel\Intel(R) Management Engine Components\DAL;C:\Program Files\Intel\Intel(R) Management Engine Components\DAL;C:\Program Files\Intel\WiFi\bin\;C:\Program Files\Common Files\Intel\WirelessCommon\;C:\Program Files\helm\windows-amd64;C:\Users\AnkitBajpai\Desktop\apache-maven-3.6.3-bin\apache-maven-3.6.3\bin;C:\WINDOWS\system32;C:\WINDOWS;C:\WINDOWS\System32\Wbem;C:\WINDOWS\System32\WindowsPowerShell\v1.0\;C:\WINDOWS\System32\OpenSSH\;C:\Program Files\erl-23.1.1\bin;C:\Program Files\PuTTY\;C:\Program Files\ValidatorBuddy;C:\Users\AnkitBajpai\AppData\Local\Microsoft\WindowsApps;C:\kafka_2.13-2.6.0\bin\windows;C:\Users\AnkitBajpai\AppData\Local\Microsoft\WindowsApps;."/>
    <property name="java.vendor" value="IBM Corporation"/>
    <property name="java.vm.info" value="JRE 1.8.0 Windows 10 x86-32-Bit 20210415_469669 (JIT enabled, AOT enabled)&#10;OpenJ9   - c2bc063&#10;OMR      - fa000e8&#10;IBM      - 8165371"/>
    <property name="java.vm.version" value="2.9"/>
    <property name="com.ibm.jcl.checkClassPath" value=""/>
    <property name="ibm.system.encoding" value="Cp1252"/>
    <property name="sun.io.unicode.encoding" value="UnicodeLittle"/>
    <property name="java.ext.dirs" value="C:\Users\AnkitBajpai\Downloads\IBM_DevelopmentPackage_for_Eclipse_Win_X86_32_6.6.30\eclipseDevelopmentPackage\ibm_sdk80\jre\lib\ext"/>
    <property name="java.class.version" value="52.0"/>
  </properties>
  <testcase name="givenSchedulerCountGreaterThenZero" classname="com.example.tradestore.TraSchedulerTest" time="0.078"/>
</testsuite>